<?xml version="1.0" encoding="UTF-8"?>
<testsuite name="is.ru.hugb.AppTest" tests="2" skipped="0" failures="0" errors="0" timestamp="2017-10-19T19:50:30" hostname="DESKTOP-5OU9MVV" time="0.003">
  <properties/>
  <testcase name="testBoardDisplay" classname="is.ru.hugb.AppTest" time="0.003"/>
  <testcase name="testBoard" classname="is.ru.hugb.AppTest" time="0.0"/>
  <system-out><![CDATA[]]></system-out>
  <system-err><![CDATA[]]></system-err>
</testsuite>
