<?xml version="1.0" encoding="UTF-8"?>
<testsuite name="is.ru.hugb.AppTest" tests="1" skipped="0" failures="0" errors="0" timestamp="2017-10-26T09:25:49" hostname="LAPTOP-AHJ9NNGU" time="0.002">
  <properties/>
  <testcase name="testAppHasAGreeting" classname="is.ru.hugb.AppTest" time="0.002"/>
  <system-out><![CDATA[]]></system-out>
  <system-err><![CDATA[]]></system-err>
</testsuite>
